Build started 12/11/2015 6:54:33 PM.
     1>Project "C:\Users\Omar\CG\OpenGLMeshLoader\OpenGLMeshLoader.vcxproj" on node 2 (Build target(s)).
     1>ClCompile:
         C:\Program Files (x86)\Microsoft Visual Studio 14.0\VC\bin\CL.exe /c /IC:\Users\Omar\CG\OpenGLMeshLoader\Debug\\.. /ZI /nologo /W3 /WX- /Od /Oy- /D WIN32 /D _DEBUG /D _CONSOLE /D _MBCS /Gm /EHsc /RTC1 /MDd /GS /fp:precise /Zc:wchar_t /Zc:forScope /Zc:inline /Fo"Debug\\" /Fd"Debug\vc140.pdb" /Gd /TP /analyze- /errorReport:prompt OpenGLMeshLoader.cpp
         OpenGLMeshLoader.cpp
     1>c:\users\omar\cg\openglmeshloader\openglmeshloader.cpp(163): warning C4838: conversion from 'double' to 'GLfloat' requires a narrowing conversion
       Link:
         C:\Program Files (x86)\Microsoft Visual Studio 14.0\VC\bin\link.exe /ERRORREPORT:PROMPT /OUT:"C:\Users\Omar\CG\OpenGLMeshLoader\Debug\OpenGLMeshLoader.exe" /INCREMENTAL:NO /NOLOGO /LIBPATH:C:\Users\Omar\CG\OpenGLMeshLoader\Debug\\.. glut32.lib kernel32.lib user32.lib gdi32.lib winspool.lib comdlg32.lib advapi32.lib shell32.lib ole32.lib oleaut32.lib uuid.lib odbc32.lib odbccp32.lib /MANIFEST /MANIFESTUAC:"level='asInvoker' uiAccess='false'" /manifest:embed /Debug /PDB:"C:\Users\Omar\CG\OpenGLMeshLoader\Debug\OpenGLMeshLoader.pdb" /SUBSYSTEM:CONSOLE /TLBID:1 /DYNAMICBASE /NXCOMPAT /IMPLIB:"C:\Users\Omar\CG\OpenGLMeshLoader\Debug\OpenGLMeshLoader.lib" /MACHINE:X86 Debug\GLTexture.obj
         Debug\Model_3DS.obj
         Debug\OpenGLMeshLoader.obj
     1>GLTexture.obj : warning LNK4075: ignoring '/EDITANDCONTINUE' due to '/OPT:LBR' specification
     1>glaux.lib(tk.obj) : error LNK2019: unresolved external symbol _sscanf referenced in function _GetRegistrySysColors@8
     1>glaux.lib(tk.obj) : error LNK2019: unresolved external symbol _vsprintf referenced in function _PrintMessage
     1>C:\Users\Omar\CG\OpenGLMeshLoader\Debug\OpenGLMeshLoader.exe : fatal error LNK1120: 2 unresolved externals
     1>Done Building Project "C:\Users\Omar\CG\OpenGLMeshLoader\OpenGLMeshLoader.vcxproj" (Build target(s)) -- FAILED.

Build FAILED.

Time Elapsed 00:00:04.08
